<?xml version="1.0" encoding="UTF-8"?>
<Site BuildName="(empty)"
	BuildStamp="20260429-0518-Experimental"
	Name="maleeha-Precision-5530"
	Generator="ctest-3.16.3"
	CompilerName="/usr/bin/c++"
	CompilerVersion="9.4.0"
	OSName="Linux"
	Hostname="maleeha-Precision-5530"
	OSRelease="5.15.0-139-generic"
	OSVersion="#149~20.04.1-Ubuntu SMP Wed Apr 16 08:29:56 UTC 2025"
	OSPlatform="x86_64"
	Is64Bits="1"
	VendorString="GenuineIntel"
	VendorID="Intel Corporation"
	FamilyID="6"
	ModelID="158"
	ProcessorCacheSize="9216"
	NumberOfLogicalCPU="12"
	NumberOfPhysicalCPU="6"
	TotalVirtualMemory="2047"
	TotalPhysicalMemory="15609"
	LogicalProcessorsPerPhysical="2"
	ProcessorClockFrequency="2549.13"
	>
	<Testing>
		<StartDateTime>Apr 29 10:36 EDT</StartDateTime>
		<StartTestTime>1777473378</StartTestTime>
		<TestList/>
		<EndDateTime>Apr 29 10:36 EDT</EndDateTime>
		<EndTestTime>1777473378</EndTestTime>
		<ElapsedMinutes>0</ElapsedMinutes>
	</Testing>
</Site>
